Writing application-f20351d4.css
Writing stimulus-autoloader-9d447422.js
Writing stimulus-loading-1fc53fe7.js
Writing stimulus-d59b3b7f.js
Writing stimulus-importmap-autoloader-64cc03e1.js
Writing stimulus.min-4b1e420e.js
Writing stimulus.min-2395e199.js.map
Writing turbo.min-ad2c7b86.js
Writing turbo.min-b571832f.js.map
Writing turbo-3bd2ae57.js
Writing actiontext.esm-c376325e.js
Writing actiontext-c9c6c481.js
Writing trix-9a18fe03.js
Writing trix-65afdb1d.css
Writing actioncable-ac25813f.js
Writing action_cable-5212cfee.js
Writing actioncable.esm-e0ec9819.js
Writing activestorage.esm-81bb34bc.js
Writing activestorage-f9e46063.js
Writing rails-ujs.esm-e925103b.js
Writing rails-ujs-20eaf715.js
